{"uuid":"9a3b4cf0-0a4e-475b-b245-fe1e40ec87d4","historyId":"67ac8b5b26ecbc388dbce644b8646dc9","fullName":"com.automation.selenium_template.AllureTests.dc","labels":[{"name":"package","value":"com.automation.selenium_template.AllureTests"},{"name":"testClass","value":"com.automation.selenium_template.AllureTests"},{"name":"testMethod","value":"dc"},{"name":"parentSuite","value":"Default suite"},{"name":"suite","value":"Default test"},{"name":"subSuite","value":"com.automation.selenium_template.AllureTests"},{"name":"host","value":"LTILBOM20102124"},{"name":"thread","value":"24484@LTILBOM20102124.main(1)"},{"name":"framework","value":"testng"},{"name":"language","value":"java"}],"links":[],"name":"dc","status":"broken","statusDetails":{"known":false,"muted":false,"flaky":false,"message":"Cannot throw exception because the return value of \"java.lang.Throwable.getCause()\" is null","trace":"java.lang.NullPointerException: Cannot throw exception because the return value of \"java.lang.Throwable.getCause()\" is null\r\n\tat com.automation.selenium_template.reports.AllureReportingProvider.lambda$2(AllureReportingProvider.java:50)\r\n\tat io.qameta.allure.Allure.lambda$step$1(Allure.java:127)\r\n\tat io.qameta.allure.Allure.step(Allure.java:181)\r\n\tat io.qameta.allure.Allure.step(Allure.java:125)\r\n\tat com.automation.selenium_template.reports.AllureReportingProvider.reportStepFailure(AllureReportingProvider.java:48)\r\n\tat com.automation.selenium_template.reports.ReportUtil.reportStepFailure(ReportUtil.java:43)\r\n\tat com.automation.selenium_template.driver.DriverControllerV5.reportStepFailure(DriverControllerV5.java:2862)\r\n\tat com.automation.selenium_template.driver.DriverControllerV5.waitForVisibilityOfElement(DriverControllerV5.java:1603)\r\n\tat com.automation.selenium_template.driver.DriverControllerV5.waitForVisibilityOfElement(DriverControllerV5.java:1580)\r\n\tat com.automation.selenium_template.driver.DriverControllerV5.sendKeys(DriverControllerV5.java:398)\r\n\tat com.automation.selenium_template.AllureTests.dc(AllureTests.java:61)\r\n\tat java.base/jdk.internal.reflect.DirectMethodHandleAccessor.invoke(DirectMethodHandleAccessor.java:104)\r\n\tat java.base/java.lang.reflect.Method.invoke(Method.java:578)\r\n\tat org.testng.internal.invokers.MethodInvocationHelper.invokeMethod(MethodInvocationHelper.java:139)\r\n\tat org.testng.internal.invokers.TestInvoker.invokeMethod(TestInvoker.java:664)\r\n\tat org.testng.internal.invokers.TestInvoker.invokeTestMethod(TestInvoker.java:227)\r\n\tat org.testng.internal.invokers.MethodRunner.runInSequence(MethodRunner.java:50)\r\n\tat org.testng.internal.invokers.TestInvoker$MethodInvocationAgent.invoke(TestInvoker.java:957)\r\n\tat org.testng.internal.invokers.TestInvoker.invokeTestMethods(TestInvoker.java:200)\r\n\tat org.testng.internal.invokers.TestMethodWorker.invokeTestMethods(TestMethodWorker.java:148)\r\n\tat org.testng.internal.invokers.TestMethodWorker.run(TestMethodWorker.java:128)\r\n\tat java.base/java.util.ArrayList.forEach(ArrayList.java:1511)\r\n\tat org.testng.TestRunner.privateRun(TestRunner.java:848)\r\n\tat org.testng.TestRunner.run(TestRunner.java:621)\r\n\tat org.testng.SuiteRunner.runTest(SuiteRunner.java:443)\r\n\tat org.testng.SuiteRunner.runSequentially(SuiteRunner.java:437)\r\n\tat org.testng.SuiteRunner.privateRun(SuiteRunner.java:397)\r\n\tat org.testng.SuiteRunner.run(SuiteRunner.java:336)\r\n\tat org.testng.SuiteRunnerWorker.runSuite(SuiteRunnerWorker.java:52)\r\n\tat org.testng.SuiteRunnerWorker.run(SuiteRunnerWorker.java:95)\r\n\tat org.testng.TestNG.runSuitesSequentially(TestNG.java:1280)\r\n\tat org.testng.TestNG.runSuitesLocally(TestNG.java:1200)\r\n\tat org.testng.TestNG.runSuites(TestNG.java:1114)\r\n\tat org.testng.TestNG.run(TestNG.java:1082)\r\n\tat org.testng.remote.AbstractRemoteTestNG.run(AbstractRemoteTestNG.java:115)\r\n\tat org.testng.remote.RemoteTestNG.initAndRun(RemoteTestNG.java:251)\r\n\tat org.testng.remote.RemoteTestNG.main(RemoteTestNG.java:77)\r\n"},"stage":"finished","steps":[{"name":"launch google: Successfully loaded url: http://google.com","status":"passed","stage":"finished","steps":[],"attachments":[],"parameters":[],"start":1695888368201,"stop":1695888368202},{"name":"send keys: Exception occurred while waiting for visibility of element","status":"broken","statusDetails":{"known":false,"muted":false,"flaky":false,"message":"Cannot throw exception because the return value of \"java.lang.Throwable.getCause()\" is null","trace":"java.lang.NullPointerException: Cannot throw exception because the return value of \"java.lang.Throwable.getCause()\" is null\r\n\tat com.automation.selenium_template.reports.AllureReportingProvider.lambda$2(AllureReportingProvider.java:50)\r\n\tat io.qameta.allure.Allure.lambda$step$1(Allure.java:127)\r\n\tat io.qameta.allure.Allure.step(Allure.java:181)\r\n\tat io.qameta.allure.Allure.step(Allure.java:125)\r\n\tat com.automation.selenium_template.reports.AllureReportingProvider.reportStepFailure(AllureReportingProvider.java:48)\r\n\tat com.automation.selenium_template.reports.ReportUtil.reportStepFailure(ReportUtil.java:43)\r\n\tat com.automation.selenium_template.driver.DriverControllerV5.reportStepFailure(DriverControllerV5.java:2862)\r\n\tat com.automation.selenium_template.driver.DriverControllerV5.waitForVisibilityOfElement(DriverControllerV5.java:1603)\r\n\tat com.automation.selenium_template.driver.DriverControllerV5.waitForVisibilityOfElement(DriverControllerV5.java:1580)\r\n\tat com.automation.selenium_template.driver.DriverControllerV5.sendKeys(DriverControllerV5.java:398)\r\n\tat com.automation.selenium_template.AllureTests.dc(AllureTests.java:61)\r\n\tat java.base/jdk.internal.reflect.DirectMethodHandleAccessor.invoke(DirectMethodHandleAccessor.java:104)\r\n\tat java.base/java.lang.reflect.Method.invoke(Method.java:578)\r\n\tat org.testng.internal.invokers.MethodInvocationHelper.invokeMethod(MethodInvocationHelper.java:139)\r\n\tat org.testng.internal.invokers.TestInvoker.invokeMethod(TestInvoker.java:664)\r\n\tat org.testng.internal.invokers.TestInvoker.invokeTestMethod(TestInvoker.java:227)\r\n\tat org.testng.internal.invokers.MethodRunner.runInSequence(MethodRunner.java:50)\r\n\tat org.testng.internal.invokers.TestInvoker$MethodInvocationAgent.invoke(TestInvoker.java:957)\r\n\tat org.testng.internal.invokers.TestInvoker.invokeTestMethods(TestInvoker.java:200)\r\n\tat org.testng.internal.invokers.TestMethodWorker.invokeTestMethods(TestMethodWorker.java:148)\r\n\tat org.testng.internal.invokers.TestMethodWorker.run(TestMethodWorker.java:128)\r\n\tat java.base/java.util.ArrayList.forEach(ArrayList.java:1511)\r\n\tat org.testng.TestRunner.privateRun(TestRunner.java:848)\r\n\tat org.testng.TestRunner.run(TestRunner.java:621)\r\n\tat org.testng.SuiteRunner.runTest(SuiteRunner.java:443)\r\n\tat org.testng.SuiteRunner.runSequentially(SuiteRunner.java:437)\r\n\tat org.testng.SuiteRunner.privateRun(SuiteRunner.java:397)\r\n\tat org.testng.SuiteRunner.run(SuiteRunner.java:336)\r\n\tat org.testng.SuiteRunnerWorker.runSuite(SuiteRunnerWorker.java:52)\r\n\tat org.testng.SuiteRunnerWorker.run(SuiteRunnerWorker.java:95)\r\n\tat org.testng.TestNG.runSuitesSequentially(TestNG.java:1280)\r\n\tat org.testng.TestNG.runSuitesLocally(TestNG.java:1200)\r\n\tat org.testng.TestNG.runSuites(TestNG.java:1114)\r\n\tat org.testng.TestNG.run(TestNG.java:1082)\r\n\tat org.testng.remote.AbstractRemoteTestNG.run(AbstractRemoteTestNG.java:115)\r\n\tat org.testng.remote.RemoteTestNG.initAndRun(RemoteTestNG.java:251)\r\n\tat org.testng.remote.RemoteTestNG.main(RemoteTestNG.java:77)\r\n"},"stage":"finished","steps":[],"attachments":[{"source":"7b814afc-cbcc-4e97-934d-4185d4d325be-attachment"}],"parameters":[],"start":1695888378665,"stop":1695888378674}],"attachments":[],"parameters":[],"start":1695888362368,"stop":1695888378677}